This file contains any messages produced by compilers while
running configure, to aid debugging if configure makes a mistake.

It was created by STRAIGHT configure 1.0, which was
generated by GNU Autoconf 2.69.  Invocation command line was

  $ ./configure 

## --------- ##
## Platform. ##
## --------- ##

hostname = air205
uname -m = x86_64
uname -r = 3.13.0-96-generic
uname -s = Linux
uname -v = #143-Ubuntu SMP Mon Aug 29 20:15:20 UTC 2016

/usr/bin/uname -p = unknown
/bin/uname -X     = unknown

/bin/arch              = unknown
/usr/bin/arch -k       = unknown
/usr/convex/getsysinfo = unknown
/usr/bin/hostinfo      = unknown
/bin/machine           = unknown
/usr/bin/oslevel       = unknown
/bin/universe          = unknown

PATH: /usr/local/sbin
PATH: /usr/local/bin
PATH: /usr/sbin
PATH: /usr/bin
PATH: /sbin
PATH: /bin
PATH: /usr/games
PATH: /usr/local/games


## ----------- ##
## Core tests. ##
## ----------- ##

configure:2295: checking for a BSD-compatible install
configure:2363: result: /usr/bin/install -c
configure:2374: checking whether build environment is sane
configure:2429: result: yes
configure:2467: WARNING: 'missing' script is too old or missing
configure:2580: checking for a thread-safe mkdir -p
configure:2619: result: /bin/mkdir -p
configure:2626: checking for gawk
configure:2642: found /usr/bin/gawk
configure:2653: result: gawk
configure:2664: checking whether make sets $(MAKE)
configure:2686: result: yes
configure:2715: checking whether make supports nested variables
configure:2732: result: yes
configure:2910: checking for g++
configure:2926: found /usr/bin/g++
configure:2937: result: g++
configure:2964: checking for C++ compiler version
configure:2973: g++ --version >&5
g++ (Ubuntu 4.8.5-2ubuntu1~14.04.1) 4.8.5
Copyright (C) 2015 Free Software Foundation, Inc.
This is free software; see the source for copying conditions.  There is NO
warranty; not even for MERCHANTABILITY or FITNESS FOR A PARTICULAR PURPOSE.

configure:2984: $? = 0
configure:2973: g++ -v >&5
Using built-in specs.
COLLECT_GCC=g++
COLLECT_LTO_WRAPPER=/usr/lib/gcc/x86_64-linux-gnu/4.8/lto-wrapper
Target: x86_64-linux-gnu
Configured with: ../src/configure -v --with-pkgversion='Ubuntu 4.8.5-2ubuntu1~14.04.1' --with-bugurl=file:///usr/share/doc/gcc-4.8/README.Bugs --enable-languages=c,c++,java,go,d,fortran,objc,obj-c++ --prefix=/usr --program-suffix=-4.8 --enable-shared --enable-linker-build-id --libexecdir=/usr/lib --without-included-gettext --enable-threads=posix --with-gxx-include-dir=/usr/include/c++/4.8 --libdir=/usr/lib --enable-nls --with-sysroot=/ --enable-clocale=gnu --enable-libstdcxx-debug --enable-libstdcxx-time=yes --enable-gnu-unique-object --disable-libmudflap --enable-plugin --with-system-zlib --disable-browser-plugin --enable-java-awt=gtk --enable-gtk-cairo --with-java-home=/usr/lib/jvm/java-1.5.0-gcj-4.8-amd64/jre --enable-java-home --with-jvm-root-dir=/usr/lib/jvm/java-1.5.0-gcj-4.8-amd64 --with-jvm-jar-dir=/usr/lib/jvm-exports/java-1.5.0-gcj-4.8-amd64 --with-arch-directory=amd64 --with-ecj-jar=/usr/share/java/eclipse-ecj.jar --enable-objc-gc --enable-multiarch --disable-werror --with-arch-32=i686 --with-abi=m64 --with-multilib-list=m32,m64,mx32 --with-tune=generic --enable-checking=release --build=x86_64-linux-gnu --host=x86_64-linux-gnu --target=x86_64-linux-gnu
Thread model: posix
gcc version 4.8.5 (Ubuntu 4.8.5-2ubuntu1~14.04.1) 
configure:2984: $? = 0
configure:2973: g++ -V >&5
g++: error: unrecognized command line option '-V'
g++: fatal error: no input files
compilation terminated.
configure:2984: $? = 4
configure:2973: g++ -qversion >&5
g++: error: unrecognized command line option '-qversion'
g++: fatal error: no input files
compilation terminated.
configure:2984: $? = 4
configure:3004: checking whether the C++ compiler works
configure:3026: g++    conftest.cpp  >&5
configure:3030: $? = 0
configure:3078: result: yes
configure:3081: checking for C++ compiler default output file name
configure:3083: result: a.out
configure:3089: checking for suffix of executables
configure:3096: g++ -o conftest    conftest.cpp  >&5
configure:3100: $? = 0
configure:3122: result: 
configure:3144: checking whether we are cross compiling
configure:3152: g++ -o conftest    conftest.cpp  >&5
configure:3156: $? = 0
configure:3163: ./conftest
configure:3167: $? = 0
configure:3182: result: no
configure:3187: checking for suffix of object files
configure:3209: g++ -c   conftest.cpp >&5
configure:3213: $? = 0
configure:3234: result: o
configure:3238: checking whether we are using the GNU C++ compiler
configure:3257: g++ -c   conftest.cpp >&5
configure:3257: $? = 0
configure:3266: result: yes
configure:3275: checking whether g++ accepts -g
configure:3295: g++ -c -g  conftest.cpp >&5
configure:3295: $? = 0
configure:3336: result: yes
configure:3370: checking for style of include used by make
configure:3398: result: GNU
configure:3424: checking dependency style of g++
configure:3535: result: gcc3
configure:3598: checking for gcc
configure:3614: found /usr/bin/gcc
configure:3625: result: gcc
configure:3854: checking for C compiler version
configure:3863: gcc --version >&5
gcc (Ubuntu 4.8.5-2ubuntu1~14.04.1) 4.8.5
Copyright (C) 2015 Free Software Foundation, Inc.
This is free software; see the source for copying conditions.  There is NO
warranty; not even for MERCHANTABILITY or FITNESS FOR A PARTICULAR PURPOSE.

configure:3874: $? = 0
configure:3863: gcc -v >&5
Using built-in specs.
COLLECT_GCC=gcc
COLLECT_LTO_WRAPPER=/usr/lib/gcc/x86_64-linux-gnu/4.8/lto-wrapper
Target: x86_64-linux-gnu
Configured with: ../src/configure -v --with-pkgversion='Ubuntu 4.8.5-2ubuntu1~14.04.1' --with-bugurl=file:///usr/share/doc/gcc-4.8/README.Bugs --enable-languages=c,c++,java,go,d,fortran,objc,obj-c++ --prefix=/usr --program-suffix=-4.8 --enable-shared --enable-linker-build-id --libexecdir=/usr/lib --without-included-gettext --enable-threads=posix --with-gxx-include-dir=/usr/include/c++/4.8 --libdir=/usr/lib --enable-nls --with-sysroot=/ --enable-clocale=gnu --enable-libstdcxx-debug --enable-libstdcxx-time=yes --enable-gnu-unique-object --disable-libmudflap --enable-plugin --with-system-zlib --disable-browser-plugin --enable-java-awt=gtk --enable-gtk-cairo --with-java-home=/usr/lib/jvm/java-1.5.0-gcj-4.8-amd64/jre --enable-java-home --with-jvm-root-dir=/usr/lib/jvm/java-1.5.0-gcj-4.8-amd64 --with-jvm-jar-dir=/usr/lib/jvm-exports/java-1.5.0-gcj-4.8-amd64 --with-arch-directory=amd64 --with-ecj-jar=/usr/share/java/eclipse-ecj.jar --enable-objc-gc --enable-multiarch --disable-werror --with-arch-32=i686 --with-abi=m64 --with-multilib-list=m32,m64,mx32 --with-tune=generic --enable-checking=release --build=x86_64-linux-gnu --host=x86_64-linux-gnu --target=x86_64-linux-gnu
Thread model: posix
gcc version 4.8.5 (Ubuntu 4.8.5-2ubuntu1~14.04.1) 
configure:3874: $? = 0
configure:3863: gcc -V >&5
gcc: error: unrecognized command line option '-V'
gcc: fatal error: no input files
compilation terminated.
configure:3874: $? = 4
configure:3863: gcc -qversion >&5
gcc: error: unrecognized command line option '-qversion'
gcc: fatal error: no input files
compilation terminated.
configure:3874: $? = 4
configure:3878: checking whether we are using the GNU C compiler
configure:3897: gcc -c   conftest.c >&5
configure:3897: $? = 0
configure:3906: result: yes
configure:3915: checking whether gcc accepts -g
configure:3935: gcc -c -g  conftest.c >&5
configure:3935: $? = 0
configure:3976: result: yes
configure:3993: checking for gcc option to accept ISO C89
configure:4056: gcc  -c -g -O2  conftest.c >&5
configure:4056: $? = 0
configure:4069: result: none needed
configure:4094: checking whether gcc understands -c and -o together
configure:4116: gcc -c conftest.c -o conftest2.o
configure:4119: $? = 0
configure:4116: gcc -c conftest.c -o conftest2.o
configure:4119: $? = 0
configure:4131: result: yes
configure:4150: checking dependency style of gcc
configure:4261: result: gcc3
configure:4319: checking for ranlib
configure:4335: found /usr/bin/ranlib
configure:4346: result: ranlib
configure:4379: checking how to run the C preprocessor
configure:4410: gcc -E  conftest.c
configure:4410: $? = 0
configure:4424: gcc -E  conftest.c
conftest.c:9:28: fatal error: ac_nonexistent.h: No such file or directory
 #include <ac_nonexistent.h>
                            ^
compilation terminated.
configure:4424: $? = 1
configure: failed program was:
| /* confdefs.h */
| #define PACKAGE_NAME "STRAIGHT"
| #define PACKAGE_TARNAME "straight"
| #define PACKAGE_VERSION "1.0"
| #define PACKAGE_STRING "STRAIGHT 1.0"
| #define PACKAGE_BUGREPORT "BUG-REPORT-ADDRESS"
| #define PACKAGE_URL ""
| /* end confdefs.h.  */
| #include <ac_nonexistent.h>
configure:4449: result: gcc -E
configure:4469: gcc -E  conftest.c
configure:4469: $? = 0
configure:4483: gcc -E  conftest.c
conftest.c:9:28: fatal error: ac_nonexistent.h: No such file or directory
 #include <ac_nonexistent.h>
                            ^
compilation terminated.
configure:4483: $? = 1
configure: failed program was:
| /* confdefs.h */
| #define PACKAGE_NAME "STRAIGHT"
| #define PACKAGE_TARNAME "straight"
| #define PACKAGE_VERSION "1.0"
| #define PACKAGE_STRING "STRAIGHT 1.0"
| #define PACKAGE_BUGREPORT "BUG-REPORT-ADDRESS"
| #define PACKAGE_URL ""
| /* end confdefs.h.  */
| #include <ac_nonexistent.h>
configure:4512: checking for grep that handles long lines and -e
configure:4570: result: /bin/grep
configure:4575: checking for egrep
configure:4637: result: /bin/grep -E
configure:4642: checking for ANSI C header files
configure:4662: gcc -c -g -O2  conftest.c >&5
configure:4662: $? = 0
configure:4735: gcc -o conftest -g -O2   conftest.c  >&5
configure:4735: $? = 0
configure:4735: ./conftest
configure:4735: $? = 0
configure:4746: result: yes
configure:4759: checking for sys/types.h
configure:4759: gcc -c -g -O2  conftest.c >&5
configure:4759: $? = 0
configure:4759: result: yes
configure:4759: checking for sys/stat.h
configure:4759: gcc -c -g -O2  conftest.c >&5
configure:4759: $? = 0
configure:4759: result: yes
configure:4759: checking for stdlib.h
configure:4759: gcc -c -g -O2  conftest.c >&5
configure:4759: $? = 0
configure:4759: result: yes
configure:4759: checking for string.h
configure:4759: gcc -c -g -O2  conftest.c >&5
configure:4759: $? = 0
configure:4759: result: yes
configure:4759: checking for memory.h
configure:4759: gcc -c -g -O2  conftest.c >&5
configure:4759: $? = 0
configure:4759: result: yes
configure:4759: checking for strings.h
configure:4759: gcc -c -g -O2  conftest.c >&5
configure:4759: $? = 0
configure:4759: result: yes
configure:4759: checking for inttypes.h
configure:4759: gcc -c -g -O2  conftest.c >&5
configure:4759: $? = 0
configure:4759: result: yes
configure:4759: checking for stdint.h
configure:4759: gcc -c -g -O2  conftest.c >&5
configure:4759: $? = 0
configure:4759: result: yes
configure:4759: checking for unistd.h
configure:4759: gcc -c -g -O2  conftest.c >&5
configure:4759: $? = 0
configure:4759: result: yes
configure:4774: checking stdio.h usability
configure:4774: gcc -c -g -O2  conftest.c >&5
configure:4774: $? = 0
configure:4774: result: yes
configure:4774: checking stdio.h presence
configure:4774: gcc -E  conftest.c
configure:4774: $? = 0
configure:4774: result: yes
configure:4774: checking for stdio.h
configure:4774: result: yes
configure:4774: checking stddef.h usability
configure:4774: gcc -c -g -O2  conftest.c >&5
configure:4774: $? = 0
configure:4774: result: yes
configure:4774: checking stddef.h presence
configure:4774: gcc -E  conftest.c
configure:4774: $? = 0
configure:4774: result: yes
configure:4774: checking for stddef.h
configure:4774: result: yes
configure:4774: checking for stdlib.h
configure:4774: result: yes
configure:4774: checking for string.h
configure:4774: result: yes
configure:4774: checking for sys/stat.h
configure:4774: result: yes
configure:4774: checking for sys/types.h
configure:4774: result: yes
configure:4774: checking math.h usability
configure:4774: gcc -c -g -O2  conftest.c >&5
configure:4774: $? = 0
configure:4774: result: yes
configure:4774: checking math.h presence
configure:4774: gcc -E  conftest.c
configure:4774: $? = 0
configure:4774: result: yes
configure:4774: checking for math.h
configure:4774: result: yes
configure:4774: checking varargs.h usability
configure:4774: gcc -c -g -O2  conftest.c >&5
In file included from conftest.c:59:0:
/usr/lib/gcc/x86_64-linux-gnu/4.8/include/varargs.h:4:2: error: #error "GCC no longer implements <varargs.h>."
 #error "GCC no longer implements <varargs.h>."
  ^
/usr/lib/gcc/x86_64-linux-gnu/4.8/include/varargs.h:5:2: error: #error "Revise your code to use <stdarg.h>."
 #error "Revise your code to use <stdarg.h>."
  ^
configure:4774: $? = 1
configure: failed program was:
| /* confdefs.h */
| #define PACKAGE_NAME "STRAIGHT"
| #define PACKAGE_TARNAME "straight"
| #define PACKAGE_VERSION "1.0"
| #define PACKAGE_STRING "STRAIGHT 1.0"
| #define PACKAGE_BUGREPORT "BUG-REPORT-ADDRESS"
| #define PACKAGE_URL ""
| #define STDC_HEADERS 1
| #define HAVE_SYS_TYPES_H 1
| #define HAVE_SYS_STAT_H 1
| #define HAVE_STDLIB_H 1
| #define HAVE_STRING_H 1
| #define HAVE_MEMORY_H 1
| #define HAVE_STRINGS_H 1
| #define HAVE_INTTYPES_H 1
| #define HAVE_STDINT_H 1
| #define HAVE_UNISTD_H 1
| #define HAVE_STDIO_H 1
| #define HAVE_STDDEF_H 1
| #define HAVE_STDLIB_H 1
| #define HAVE_STRING_H 1
| #define HAVE_SYS_STAT_H 1
| #define HAVE_SYS_TYPES_H 1
| #define HAVE_MATH_H 1
| /* end confdefs.h.  */
| #include <stdio.h>
| #ifdef HAVE_SYS_TYPES_H
| # include <sys/types.h>
| #endif
| #ifdef HAVE_SYS_STAT_H
| # include <sys/stat.h>
| #endif
| #ifdef STDC_HEADERS
| # include <stdlib.h>
| # include <stddef.h>
| #else
| # ifdef HAVE_STDLIB_H
| #  include <stdlib.h>
| # endif
| #endif
| #ifdef HAVE_STRING_H
| # if !defined STDC_HEADERS && defined HAVE_MEMORY_H
| #  include <memory.h>
| # endif
| # include <string.h>
| #endif
| #ifdef HAVE_STRINGS_H
| # include <strings.h>
| #endif
| #ifdef HAVE_INTTYPES_H
| # include <inttypes.h>
| #endif
| #ifdef HAVE_STDINT_H
| # include <stdint.h>
| #endif
| #ifdef HAVE_UNISTD_H
| # include <unistd.h>
| #endif
| #include <varargs.h>
configure:4774: result: no
configure:4774: checking varargs.h presence
configure:4774: gcc -E  conftest.c
In file included from conftest.c:26:0:
/usr/lib/gcc/x86_64-linux-gnu/4.8/include/varargs.h:4:2: error: #error "GCC no longer implements <varargs.h>."
 #error "GCC no longer implements <varargs.h>."
  ^
/usr/lib/gcc/x86_64-linux-gnu/4.8/include/varargs.h:5:2: error: #error "Revise your code to use <stdarg.h>."
 #error "Revise your code to use <stdarg.h>."
  ^
configure:4774: $? = 1
configure: failed program was:
| /* confdefs.h */
| #define PACKAGE_NAME "STRAIGHT"
| #define PACKAGE_TARNAME "straight"
| #define PACKAGE_VERSION "1.0"
| #define PACKAGE_STRING "STRAIGHT 1.0"
| #define PACKAGE_BUGREPORT "BUG-REPORT-ADDRESS"
| #define PACKAGE_URL ""
| #define STDC_HEADERS 1
| #define HAVE_SYS_TYPES_H 1
| #define HAVE_SYS_STAT_H 1
| #define HAVE_STDLIB_H 1
| #define HAVE_STRING_H 1
| #define HAVE_MEMORY_H 1
| #define HAVE_STRINGS_H 1
| #define HAVE_INTTYPES_H 1
| #define HAVE_STDINT_H 1
| #define HAVE_UNISTD_H 1
| #define HAVE_STDIO_H 1
| #define HAVE_STDDEF_H 1
| #define HAVE_STDLIB_H 1
| #define HAVE_STRING_H 1
| #define HAVE_SYS_STAT_H 1
| #define HAVE_SYS_TYPES_H 1
| #define HAVE_MATH_H 1
| /* end confdefs.h.  */
| #include <varargs.h>
configure:4774: result: no
configure:4774: checking for varargs.h
configure:4774: result: no
configure:4774: checking stdarg.h usability
configure:4774: gcc -c -g -O2  conftest.c >&5
configure:4774: $? = 0
configure:4774: result: yes
configure:4774: checking stdarg.h presence
configure:4774: gcc -E  conftest.c
configure:4774: $? = 0
configure:4774: result: yes
configure:4774: checking for stdarg.h
configure:4774: result: yes
configure:4787: checking for an ANSI C-conforming const
configure:4853: gcc -c -g -O2  conftest.c >&5
configure:4853: $? = 0
configure:4860: result: yes
configure:4868: checking for size_t
configure:4868: gcc -c -g -O2  conftest.c >&5
configure:4868: $? = 0
configure:4868: gcc -c -g -O2  conftest.c >&5
conftest.c: In function 'main':
conftest.c:63:21: error: expected expression before ')' token
 if (sizeof ((size_t)))
                     ^
configure:4868: $? = 1
configure: failed program was:
| /* confdefs.h */
| #define PACKAGE_NAME "STRAIGHT"
| #define PACKAGE_TARNAME "straight"
| #define PACKAGE_VERSION "1.0"
| #define PACKAGE_STRING "STRAIGHT 1.0"
| #define PACKAGE_BUGREPORT "BUG-REPORT-ADDRESS"
| #define PACKAGE_URL ""
| #define STDC_HEADERS 1
| #define HAVE_SYS_TYPES_H 1
| #define HAVE_SYS_STAT_H 1
| #define HAVE_STDLIB_H 1
| #define HAVE_STRING_H 1
| #define HAVE_MEMORY_H 1
| #define HAVE_STRINGS_H 1
| #define HAVE_INTTYPES_H 1
| #define HAVE_STDINT_H 1
| #define HAVE_UNISTD_H 1
| #define HAVE_STDIO_H 1
| #define HAVE_STDDEF_H 1
| #define HAVE_STDLIB_H 1
| #define HAVE_STRING_H 1
| #define HAVE_SYS_STAT_H 1
| #define HAVE_SYS_TYPES_H 1
| #define HAVE_MATH_H 1
| #define HAVE_STDARG_H 1
| /* end confdefs.h.  */
| #include <stdio.h>
| #ifdef HAVE_SYS_TYPES_H
| # include <sys/types.h>
| #endif
| #ifdef HAVE_SYS_STAT_H
| # include <sys/stat.h>
| #endif
| #ifdef STDC_HEADERS
| # include <stdlib.h>
| # include <stddef.h>
| #else
| # ifdef HAVE_STDLIB_H
| #  include <stdlib.h>
| # endif
| #endif
| #ifdef HAVE_STRING_H
| # if !defined STDC_HEADERS && defined HAVE_MEMORY_H
| #  include <memory.h>
| # endif
| # include <string.h>
| #endif
| #ifdef HAVE_STRINGS_H
| # include <strings.h>
| #endif
| #ifdef HAVE_INTTYPES_H
| # include <inttypes.h>
| #endif
| #ifdef HAVE_STDINT_H
| # include <stdint.h>
| #endif
| #ifdef HAVE_UNISTD_H
| # include <unistd.h>
| #endif
| int
| main ()
| {
| if (sizeof ((size_t)))
| 	    return 0;
|   ;
|   return 0;
| }
configure:4868: result: yes
configure:4879: checking whether struct tm is in sys/time.h or time.h
configure:4899: gcc -c -g -O2  conftest.c >&5
configure:4899: $? = 0
configure:4906: result: time.h
configure:4919: checking for stdlib.h
configure:4919: result: yes
configure:4929: checking for GNU libc compatible malloc
configure:4953: gcc -o conftest -g -O2   conftest.c  >&5
configure:4953: $? = 0
configure:4953: ./conftest
configure:4953: $? = 0
configure:4963: result: yes
configure:4986: checking for stdlib.h
configure:4986: result: yes
configure:4996: checking for GNU libc compatible realloc
configure:5020: gcc -o conftest -g -O2   conftest.c  >&5
configure:5020: $? = 0
configure:5020: ./conftest
configure:5020: $? = 0
configure:5030: result: yes
configure:5051: checking whether lstat correctly handles trailing slash
configure:5077: gcc -o conftest -g -O2   conftest.c  >&5
configure:5077: $? = 0
configure:5077: ./conftest
configure:5077: $? = 0
configure:5094: result: yes
configure:5113: checking whether stat accepts an empty string
configure:5133: gcc -o conftest -g -O2   conftest.c  >&5
configure:5133: $? = 0
configure:5133: ./conftest
configure:5133: $? = 0
configure:5143: result: no
configure:5161: checking for vprintf
configure:5161: gcc -o conftest -g -O2   conftest.c  >&5
conftest.c:55:6: warning: conflicting types for built-in function 'vprintf' [enabled by default]
 char vprintf ();
      ^
configure:5161: $? = 0
configure:5161: result: yes
configure:5167: checking for _doprnt
configure:5167: gcc -o conftest -g -O2   conftest.c  >&5
/tmp/ccwPqnUt.o: In function `main':
/home/miproj/4thyr.oct2018/je369/tools/merlin_je369/tools/vocoders/straight/conftest.c:67: undefined reference to `_doprnt'
collect2: error: ld returned 1 exit status
configure:5167: $? = 1
configure: failed program was:
| /* confdefs.h */
| #define PACKAGE_NAME "STRAIGHT"
| #define PACKAGE_TARNAME "straight"
| #define PACKAGE_VERSION "1.0"
| #define PACKAGE_STRING "STRAIGHT 1.0"
| #define PACKAGE_BUGREPORT "BUG-REPORT-ADDRESS"
| #define PACKAGE_URL ""
| #define STDC_HEADERS 1
| #define HAVE_SYS_TYPES_H 1
| #define HAVE_SYS_STAT_H 1
| #define HAVE_STDLIB_H 1
| #define HAVE_STRING_H 1
| #define HAVE_MEMORY_H 1
| #define HAVE_STRINGS_H 1
| #define HAVE_INTTYPES_H 1
| #define HAVE_STDINT_H 1
| #define HAVE_UNISTD_H 1
| #define HAVE_STDIO_H 1
| #define HAVE_STDDEF_H 1
| #define HAVE_STDLIB_H 1
| #define HAVE_STRING_H 1
| #define HAVE_SYS_STAT_H 1
| #define HAVE_SYS_TYPES_H 1
| #define HAVE_MATH_H 1
| #define HAVE_STDARG_H 1
| #define HAVE_STDLIB_H 1
| #define HAVE_MALLOC 1
| #define HAVE_STDLIB_H 1
| #define HAVE_REALLOC 1
| #define LSTAT_FOLLOWS_SLASHED_SYMLINK 1
| #define HAVE_VPRINTF 1
| /* end confdefs.h.  */
| /* Define _doprnt to an innocuous variant, in case <limits.h> declares _doprnt.
|    For example, HP-UX 11i <limits.h> declares gettimeofday.  */
| #define _doprnt innocuous__doprnt
| 
| /* System header to define __stub macros and hopefully few prototypes,
|     which can conflict with char _doprnt (); below.
|     Prefer <limits.h> to <assert.h> if __STDC__ is defined, since
|     <limits.h> exists even on freestanding compilers.  */
| 
| #ifdef __STDC__
| # include <limits.h>
| #else
| # include <assert.h>
| #endif
| 
| #undef _doprnt
| 
| /* Override any GCC internal prototype to avoid an error.
|    Use char because int might match the return type of a GCC
|    builtin and then its argument prototype would still apply.  */
| #ifdef __cplusplus
| extern "C"
| #endif
| char _doprnt ();
| /* The GNU C library defines this for functions which it implements
|     to always fail with ENOSYS.  Some functions are actually named
|     something starting with __ and the normal name is an alias.  */
| #if defined __stub__doprnt || defined __stub____doprnt
| choke me
| #endif
| 
| int
| main ()
| {
| return _doprnt ();
|   ;
|   return 0;
| }
configure:5167: result: no
configure:5181: checking for floor
configure:5181: gcc -o conftest -g -O2   conftest.c  >&5
conftest.c:56:6: warning: conflicting types for built-in function 'floor' [enabled by default]
 char floor ();
      ^
/tmp/ccVK2iSC.o: In function `main':
/home/miproj/4thyr.oct2018/je369/tools/merlin_je369/tools/vocoders/straight/conftest.c:67: undefined reference to `floor'
collect2: error: ld returned 1 exit status
configure:5181: $? = 1
configure: failed program was:
| /* confdefs.h */
| #define PACKAGE_NAME "STRAIGHT"
| #define PACKAGE_TARNAME "straight"
| #define PACKAGE_VERSION "1.0"
| #define PACKAGE_STRING "STRAIGHT 1.0"
| #define PACKAGE_BUGREPORT "BUG-REPORT-ADDRESS"
| #define PACKAGE_URL ""
| #define STDC_HEADERS 1
| #define HAVE_SYS_TYPES_H 1
| #define HAVE_SYS_STAT_H 1
| #define HAVE_STDLIB_H 1
| #define HAVE_STRING_H 1
| #define HAVE_MEMORY_H 1
| #define HAVE_STRINGS_H 1
| #define HAVE_INTTYPES_H 1
| #define HAVE_STDINT_H 1
| #define HAVE_UNISTD_H 1
| #define HAVE_STDIO_H 1
| #define HAVE_STDDEF_H 1
| #define HAVE_STDLIB_H 1
| #define HAVE_STRING_H 1
| #define HAVE_SYS_STAT_H 1
| #define HAVE_SYS_TYPES_H 1
| #define HAVE_MATH_H 1
| #define HAVE_STDARG_H 1
| #define HAVE_STDLIB_H 1
| #define HAVE_MALLOC 1
| #define HAVE_STDLIB_H 1
| #define HAVE_REALLOC 1
| #define LSTAT_FOLLOWS_SLASHED_SYMLINK 1
| #define HAVE_VPRINTF 1
| /* end confdefs.h.  */
| /* Define floor to an innocuous variant, in case <limits.h> declares floor.
|    For example, HP-UX 11i <limits.h> declares gettimeofday.  */
| #define floor innocuous_floor
| 
| /* System header to define __stub macros and hopefully few prototypes,
|     which can conflict with char floor (); below.
|     Prefer <limits.h> to <assert.h> if __STDC__ is defined, since
|     <limits.h> exists even on freestanding compilers.  */
| 
| #ifdef __STDC__
| # include <limits.h>
| #else
| # include <assert.h>
| #endif
| 
| #undef floor
| 
| /* Override any GCC internal prototype to avoid an error.
|    Use char because int might match the return type of a GCC
|    builtin and then its argument prototype would still apply.  */
| #ifdef __cplusplus
| extern "C"
| #endif
| char floor ();
| /* The GNU C library defines this for functions which it implements
|     to always fail with ENOSYS.  Some functions are actually named
|     something starting with __ and the normal name is an alias.  */
| #if defined __stub_floor || defined __stub___floor
| choke me
| #endif
| 
| int
| main ()
| {
| return floor ();
|   ;
|   return 0;
| }
configure:5181: result: no
configure:5181: checking for modf
configure:5181: gcc -o conftest -g -O2   conftest.c  >&5
conftest.c:56:6: warning: conflicting types for built-in function 'modf' [enabled by default]
 char modf ();
      ^
configure:5181: $? = 0
configure:5181: result: yes
configure:5181: checking for pow
configure:5181: gcc -o conftest -g -O2   conftest.c  >&5
conftest.c:57:6: warning: conflicting types for built-in function 'pow' [enabled by default]
 char pow ();
      ^
/tmp/cc48I01J.o: In function `main':
/home/miproj/4thyr.oct2018/je369/tools/merlin_je369/tools/vocoders/straight/conftest.c:68: undefined reference to `pow'
collect2: error: ld returned 1 exit status
configure:5181: $? = 1
configure: failed program was:
| /* confdefs.h */
| #define PACKAGE_NAME "STRAIGHT"
| #define PACKAGE_TARNAME "straight"
| #define PACKAGE_VERSION "1.0"
| #define PACKAGE_STRING "STRAIGHT 1.0"
| #define PACKAGE_BUGREPORT "BUG-REPORT-ADDRESS"
| #define PACKAGE_URL ""
| #define STDC_HEADERS 1
| #define HAVE_SYS_TYPES_H 1
| #define HAVE_SYS_STAT_H 1
| #define HAVE_STDLIB_H 1
| #define HAVE_STRING_H 1
| #define HAVE_MEMORY_H 1
| #define HAVE_STRINGS_H 1
| #define HAVE_INTTYPES_H 1
| #define HAVE_STDINT_H 1
| #define HAVE_UNISTD_H 1
| #define HAVE_STDIO_H 1
| #define HAVE_STDDEF_H 1
| #define HAVE_STDLIB_H 1
| #define HAVE_STRING_H 1
| #define HAVE_SYS_STAT_H 1
| #define HAVE_SYS_TYPES_H 1
| #define HAVE_MATH_H 1
| #define HAVE_STDARG_H 1
| #define HAVE_STDLIB_H 1
| #define HAVE_MALLOC 1
| #define HAVE_STDLIB_H 1
| #define HAVE_REALLOC 1
| #define LSTAT_FOLLOWS_SLASHED_SYMLINK 1
| #define HAVE_VPRINTF 1
| #define HAVE_MODF 1
| /* end confdefs.h.  */
| /* Define pow to an innocuous variant, in case <limits.h> declares pow.
|    For example, HP-UX 11i <limits.h> declares gettimeofday.  */
| #define pow innocuous_pow
| 
| /* System header to define __stub macros and hopefully few prototypes,
|     which can conflict with char pow (); below.
|     Prefer <limits.h> to <assert.h> if __STDC__ is defined, since
|     <limits.h> exists even on freestanding compilers.  */
| 
| #ifdef __STDC__
| # include <limits.h>
| #else
| # include <assert.h>
| #endif
| 
| #undef pow
| 
| /* Override any GCC internal prototype to avoid an error.
|    Use char because int might match the return type of a GCC
|    builtin and then its argument prototype would still apply.  */
| #ifdef __cplusplus
| extern "C"
| #endif
| char pow ();
| /* The GNU C library defines this for functions which it implements
|     to always fail with ENOSYS.  Some functions are actually named
|     something starting with __ and the normal name is an alias.  */
| #if defined __stub_pow || defined __stub___pow
| choke me
| #endif
| 
| int
| main ()
| {
| return pow ();
|   ;
|   return 0;
| }
configure:5181: result: no
configure:5181: checking for sqrt
configure:5181: gcc -o conftest -g -O2   conftest.c  >&5
conftest.c:57:6: warning: conflicting types for built-in function 'sqrt' [enabled by default]
 char sqrt ();
      ^
/tmp/cccGQIgH.o: In function `main':
/home/miproj/4thyr.oct2018/je369/tools/merlin_je369/tools/vocoders/straight/conftest.c:68: undefined reference to `sqrt'
collect2: error: ld returned 1 exit status
configure:5181: $? = 1
configure: failed program was:
| /* confdefs.h */
| #define PACKAGE_NAME "STRAIGHT"
| #define PACKAGE_TARNAME "straight"
| #define PACKAGE_VERSION "1.0"
| #define PACKAGE_STRING "STRAIGHT 1.0"
| #define PACKAGE_BUGREPORT "BUG-REPORT-ADDRESS"
| #define PACKAGE_URL ""
| #define STDC_HEADERS 1
| #define HAVE_SYS_TYPES_H 1
| #define HAVE_SYS_STAT_H 1
| #define HAVE_STDLIB_H 1
| #define HAVE_STRING_H 1
| #define HAVE_MEMORY_H 1
| #define HAVE_STRINGS_H 1
| #define HAVE_INTTYPES_H 1
| #define HAVE_STDINT_H 1
| #define HAVE_UNISTD_H 1
| #define HAVE_STDIO_H 1
| #define HAVE_STDDEF_H 1
| #define HAVE_STDLIB_H 1
| #define HAVE_STRING_H 1
| #define HAVE_SYS_STAT_H 1
| #define HAVE_SYS_TYPES_H 1
| #define HAVE_MATH_H 1
| #define HAVE_STDARG_H 1
| #define HAVE_STDLIB_H 1
| #define HAVE_MALLOC 1
| #define HAVE_STDLIB_H 1
| #define HAVE_REALLOC 1
| #define LSTAT_FOLLOWS_SLASHED_SYMLINK 1
| #define HAVE_VPRINTF 1
| #define HAVE_MODF 1
| /* end confdefs.h.  */
| /* Define sqrt to an innocuous variant, in case <limits.h> declares sqrt.
|    For example, HP-UX 11i <limits.h> declares gettimeofday.  */
| #define sqrt innocuous_sqrt
| 
| /* System header to define __stub macros and hopefully few prototypes,
|     which can conflict with char sqrt (); below.
|     Prefer <limits.h> to <assert.h> if __STDC__ is defined, since
|     <limits.h> exists even on freestanding compilers.  */
| 
| #ifdef __STDC__
| # include <limits.h>
| #else
| # include <assert.h>
| #endif
| 
| #undef sqrt
| 
| /* Override any GCC internal prototype to avoid an error.
|    Use char because int might match the return type of a GCC
|    builtin and then its argument prototype would still apply.  */
| #ifdef __cplusplus
| extern "C"
| #endif
| char sqrt ();
| /* The GNU C library defines this for functions which it implements
|     to always fail with ENOSYS.  Some functions are actually named
|     something starting with __ and the normal name is an alias.  */
| #if defined __stub_sqrt || defined __stub___sqrt
| choke me
| #endif
| 
| int
| main ()
| {
| return sqrt ();
|   ;
|   return 0;
| }
configure:5181: result: no
configure:5181: checking for strchr
configure:5181: gcc -o conftest -g -O2   conftest.c  >&5
conftest.c:57:6: warning: conflicting types for built-in function 'strchr' [enabled by default]
 char strchr ();
      ^
configure:5181: $? = 0
configure:5181: result: yes
configure:5181: checking for strrchr
configure:5181: gcc -o conftest -g -O2   conftest.c  >&5
conftest.c:58:6: warning: conflicting types for built-in function 'strrchr' [enabled by default]
 char strrchr ();
      ^
configure:5181: $? = 0
configure:5181: result: yes
configure:5339: checking that generated files are newer than configure
configure:5345: result: done
configure:5372: creating ./config.status

## ---------------------- ##
## Running config.status. ##
## ---------------------- ##

This file was extended by STRAIGHT config.status 1.0, which was
generated by GNU Autoconf 2.69.  Invocation command line was

  CONFIG_FILES    = 
  CONFIG_HEADERS  = 
  CONFIG_LINKS    = 
  CONFIG_COMMANDS = 
  $ ./config.status 

on air205

config.status:789: creating Makefile
config.status:789: creating sp/Makefile
config.status:789: creating tempo/Makefile
config.status:789: creating analysis/Makefile
config.status:789: creating synthesis/Makefile
config.status:961: executing depfiles commands

## ---------------- ##
## Cache variables. ##
## ---------------- ##

ac_cv_c_compiler_gnu=yes
ac_cv_c_const=yes
ac_cv_cxx_compiler_gnu=yes
ac_cv_env_CCC_set=
ac_cv_env_CCC_value=
ac_cv_env_CC_set=
ac_cv_env_CC_value=
ac_cv_env_CFLAGS_set=
ac_cv_env_CFLAGS_value=
ac_cv_env_CPPFLAGS_set=
ac_cv_env_CPPFLAGS_value=
ac_cv_env_CPP_set=
ac_cv_env_CPP_value=
ac_cv_env_CXXFLAGS_set=
ac_cv_env_CXXFLAGS_value=
ac_cv_env_CXX_set=
ac_cv_env_CXX_value=
ac_cv_env_LDFLAGS_set=
ac_cv_env_LDFLAGS_value=
ac_cv_env_LIBS_set=
ac_cv_env_LIBS_value=
ac_cv_env_build_alias_set=
ac_cv_env_build_alias_value=
ac_cv_env_host_alias_set=
ac_cv_env_host_alias_value=
ac_cv_env_target_alias_set=
ac_cv_env_target_alias_value=
ac_cv_func__doprnt=no
ac_cv_func_floor=no
ac_cv_func_lstat_dereferences_slashed_symlink=yes
ac_cv_func_malloc_0_nonnull=yes
ac_cv_func_modf=yes
ac_cv_func_pow=no
ac_cv_func_realloc_0_nonnull=yes
ac_cv_func_sqrt=no
ac_cv_func_stat_empty_string_bug=no
ac_cv_func_strchr=yes
ac_cv_func_strrchr=yes
ac_cv_func_vprintf=yes
ac_cv_header_inttypes_h=yes
ac_cv_header_math_h=yes
ac_cv_header_memory_h=yes
ac_cv_header_stdarg_h=yes
ac_cv_header_stdc=yes
ac_cv_header_stddef_h=yes
ac_cv_header_stdint_h=yes
ac_cv_header_stdio_h=yes
ac_cv_header_stdlib_h=yes
ac_cv_header_string_h=yes
ac_cv_header_strings_h=yes
ac_cv_header_sys_stat_h=yes
ac_cv_header_sys_types_h=yes
ac_cv_header_unistd_h=yes
ac_cv_header_varargs_h=no
ac_cv_objext=o
ac_cv_path_EGREP='/bin/grep -E'
ac_cv_path_GREP=/bin/grep
ac_cv_path_install='/usr/bin/install -c'
ac_cv_path_mkdir=/bin/mkdir
ac_cv_prog_AWK=gawk
ac_cv_prog_CPP='gcc -E'
ac_cv_prog_ac_ct_CC=gcc
ac_cv_prog_ac_ct_CXX=g++
ac_cv_prog_ac_ct_RANLIB=ranlib
ac_cv_prog_cc_c89=
ac_cv_prog_cc_g=yes
ac_cv_prog_cxx_g=yes
ac_cv_prog_make_make_set=yes
ac_cv_struct_tm=time.h
ac_cv_type_size_t=yes
am_cv_CC_dependencies_compiler_type=gcc3
am_cv_CXX_dependencies_compiler_type=gcc3
am_cv_make_support_nested_variables=yes
am_cv_prog_cc_c_o=yes

## ----------------- ##
## Output variables. ##
## ----------------- ##

ACLOCAL='aclocal-1.14'
AMDEPBACKSLASH='\'
AMDEP_FALSE='#'
AMDEP_TRUE=''
AMTAR='$${TAR-tar}'
AM_BACKSLASH='\'
AM_DEFAULT_V='$(AM_DEFAULT_VERBOSITY)'
AM_DEFAULT_VERBOSITY='1'
AM_V='$(V)'
AUTOCONF='autoconf'
AUTOHEADER='autoheader'
AUTOMAKE='automake-1.14'
AWK='gawk'
CC='gcc'
CCDEPMODE='depmode=gcc3'
CFLAGS='-g -O2'
CPP='gcc -E'
CPPFLAGS=''
CXX='g++'
CXXDEPMODE='depmode=gcc3'
CXXFLAGS='-g -O2'
CYGPATH_W='echo'
DEFS='-DPACKAGE_NAME=\"STRAIGHT\" -DPACKAGE_TARNAME=\"straight\" -DPACKAGE_VERSION=\"1.0\" -DPACKAGE_STRING=\"STRAIGHT\ 1.0\" -DPACKAGE_BUGREPORT=\"BUG-REPORT-ADDRESS\" -DPACKAGE_URL=\"\" -DSTDC_HEADERS=1 -DHAVE_SYS_TYPES_H=1 -DHAVE_SYS_STAT_H=1 -DHAVE_STDLIB_H=1 -DHAVE_STRING_H=1 -DHAVE_MEMORY_H=1 -DHAVE_STRINGS_H=1 -DHAVE_INTTYPES_H=1 -DHAVE_STDINT_H=1 -DHAVE_UNISTD_H=1 -DHAVE_STDIO_H=1 -DHAVE_STDDEF_H=1 -DHAVE_STDLIB_H=1 -DHAVE_STRING_H=1 -DHAVE_SYS_STAT_H=1 -DHAVE_SYS_TYPES_H=1 -DHAVE_MATH_H=1 -DHAVE_STDARG_H=1 -DHAVE_STDLIB_H=1 -DHAVE_MALLOC=1 -DHAVE_STDLIB_H=1 -DHAVE_REALLOC=1 -DLSTAT_FOLLOWS_SLASHED_SYMLINK=1 -DHAVE_VPRINTF=1 -DHAVE_MODF=1 -DHAVE_STRCHR=1 -DHAVE_STRRCHR=1'
DEPDIR='.deps'
ECHO_C=''
ECHO_N='-n'
ECHO_T=''
EGREP='/bin/grep -E'
EXEEXT=''
GREP='/bin/grep'
INSTALL_DATA='${INSTALL} -m 644'
INSTALL_PROGRAM='${INSTALL}'
INSTALL_SCRIPT='${INSTALL}'
INSTALL_STRIP_PROGRAM='$(install_sh) -c -s'
LDFLAGS=''
LIBOBJS=''
LIBS=''
LTLIBOBJS=''
MAKEINFO='makeinfo'
MKDIR_P='/bin/mkdir -p'
OBJEXT='o'
PACKAGE='STRAIGHT'
PACKAGE_BUGREPORT='BUG-REPORT-ADDRESS'
PACKAGE_NAME='STRAIGHT'
PACKAGE_STRING='STRAIGHT 1.0'
PACKAGE_TARNAME='straight'
PACKAGE_URL=''
PACKAGE_VERSION='1.0'
PATH_SEPARATOR=':'
RANLIB='ranlib'
SET_MAKE=''
SHELL='/bin/bash'
STRIP=''
VERSION='1.0'
ac_ct_CC='gcc'
ac_ct_CXX='g++'
am__EXEEXT_FALSE=''
am__EXEEXT_TRUE='#'
am__fastdepCC_FALSE='#'
am__fastdepCC_TRUE=''
am__fastdepCXX_FALSE='#'
am__fastdepCXX_TRUE=''
am__include='include'
am__isrc=''
am__leading_dot='.'
am__nodep='_no'
am__quote=''
am__tar='$${TAR-tar} chof - "$$tardir"'
am__untar='$${TAR-tar} xf -'
bindir='${exec_prefix}/bin'
build_alias=''
datadir='${datarootdir}'
datarootdir='${prefix}/share'
docdir='${datarootdir}/doc/${PACKAGE_TARNAME}'
dvidir='${docdir}'
exec_prefix='${prefix}'
host_alias=''
htmldir='${docdir}'
includedir='${prefix}/include'
infodir='${datarootdir}/info'
install_sh='${SHELL} /home/miproj/4thyr.oct2018/je369/tools/merlin_je369/tools/vocoders/straight/install-sh'
libdir='${exec_prefix}/lib'
libexecdir='${exec_prefix}/libexec'
localedir='${datarootdir}/locale'
localstatedir='${prefix}/var'
mandir='${datarootdir}/man'
mkdir_p='$(MKDIR_P)'
oldincludedir='/usr/include'
pdfdir='${docdir}'
prefix='/usr/local'
program_transform_name='s,x,x,'
psdir='${docdir}'
sbindir='${exec_prefix}/sbin'
sharedstatedir='${prefix}/com'
sysconfdir='${prefix}/etc'
target_alias=''

## ----------- ##
## confdefs.h. ##
## ----------- ##

/* confdefs.h */
#define PACKAGE_NAME "STRAIGHT"
#define PACKAGE_TARNAME "straight"
#define PACKAGE_VERSION "1.0"
#define PACKAGE_STRING "STRAIGHT 1.0"
#define PACKAGE_BUGREPORT "BUG-REPORT-ADDRESS"
#define PACKAGE_URL ""
#define STDC_HEADERS 1
#define HAVE_SYS_TYPES_H 1
#define HAVE_SYS_STAT_H 1
#define HAVE_STDLIB_H 1
#define HAVE_STRING_H 1
#define HAVE_MEMORY_H 1
#define HAVE_STRINGS_H 1
#define HAVE_INTTYPES_H 1
#define HAVE_STDINT_H 1
#define HAVE_UNISTD_H 1
#define HAVE_STDIO_H 1
#define HAVE_STDDEF_H 1
#define HAVE_STDLIB_H 1
#define HAVE_STRING_H 1
#define HAVE_SYS_STAT_H 1
#define HAVE_SYS_TYPES_H 1
#define HAVE_MATH_H 1
#define HAVE_STDARG_H 1
#define HAVE_STDLIB_H 1
#define HAVE_MALLOC 1
#define HAVE_STDLIB_H 1
#define HAVE_REALLOC 1
#define LSTAT_FOLLOWS_SLASHED_SYMLINK 1
#define HAVE_VPRINTF 1
#define HAVE_MODF 1
#define HAVE_STRCHR 1
#define HAVE_STRRCHR 1

configure: exit 0
